2025-07-27 17:33:05 INFO  com.example.Calculator.CalculatorApplication - Starting CalculatorApplication using Java 22.0.1 with PID 20252 (C:\Users\Deepika\OneDrive\Desktop\Calculator\target\classes started by Deepika in C:\Users\Deepika\OneDrive\Desktop\Calculator)
2025-07-27 17:33:05 INFO  com.example.Calculator.CalculatorApplication - No active profile set, falling back to 1 default profile: "default"
2025-07-27 17:33:07 WARN  org.springframework.context.annotation.AnnotationConfigApplicationContext - Exception encountered during context initialization - cancelling refresh attempt: org.springframework.beans.factory.BeanCreationException: Error creating bean with name 'calculatorController': Injection of autowired dependencies failed
2025-07-27 17:33:07 INFO  org.springframework.boot.autoconfigure.logging.ConditionEvaluationReportLogger - 

Error starting ApplicationContext. To display the condition evaluation report re-run your application with 'debug' enabled.
2025-07-27 17:33:07 ERROR org.springframework.boot.SpringApplication - Application run failed
org.springframework.beans.factory.BeanCreationException: Error creating bean with name 'calculatorController': Injection of autowired dependencies failed
	at org.springframework.beans.factory.annotation.AutowiredAnnotationBeanPostProcessor.postProcessProperties(AutowiredAnnotationBeanPostProcessor.java:515) ~[spring-beans-6.2.9.jar:6.2.9]
	at org.springframework.beans.factory.support.AbstractAutowireCapableBeanFactory.populateBean(AbstractAutowireCapableBeanFactory.java:1459) ~[spring-beans-6.2.9.jar:6.2.9]
	at org.springframework.beans.factory.support.AbstractAutowireCapableBeanFactory.doCreateBean(AbstractAutowireCapableBeanFactory.java:606) ~[spring-beans-6.2.9.jar:6.2.9]
	at org.springframework.beans.factory.support.AbstractAutowireCapableBeanFactory.createBean(AbstractAutowireCapableBeanFactory.java:529) ~[spring-beans-6.2.9.jar:6.2.9]
	at org.springframework.beans.factory.support.AbstractBeanFactory.lambda$doGetBean$0(AbstractBeanFactory.java:339) ~[spring-beans-6.2.9.jar:6.2.9]
	at org.springframework.beans.factory.support.DefaultSingletonBeanRegistry.getSingleton(DefaultSingletonBeanRegistry.java:373) ~[spring-beans-6.2.9.jar:6.2.9]
	at org.springframework.beans.factory.support.AbstractBeanFactory.doGetBean(AbstractBeanFactory.java:337) ~[spring-beans-6.2.9.jar:6.2.9]
	at org.springframework.beans.factory.support.AbstractBeanFactory.getBean(AbstractBeanFactory.java:202) ~[spring-beans-6.2.9.jar:6.2.9]
	at org.springframework.beans.factory.support.DefaultListableBeanFactory.instantiateSingleton(DefaultListableBeanFactory.java:1222) ~[spring-beans-6.2.9.jar:6.2.9]
	at org.springframework.beans.factory.support.DefaultListableBeanFactory.preInstantiateSingleton(DefaultListableBeanFactory.java:1188) ~[spring-beans-6.2.9.jar:6.2.9]
	at org.springframework.beans.factory.support.DefaultListableBeanFactory.preInstantiateSingletons(DefaultListableBeanFactory.java:1123) ~[spring-beans-6.2.9.jar:6.2.9]
	at org.springframework.context.support.AbstractApplicationContext.finishBeanFactoryInitialization(AbstractApplicationContext.java:987) ~[spring-context-6.2.9.jar:6.2.9]
	at org.springframework.context.support.AbstractApplicationContext.refresh(AbstractApplicationContext.java:627) ~[spring-context-6.2.9.jar:6.2.9]
	at org.springframework.boot.SpringApplication.refresh(SpringApplication.java:752) [spring-boot-3.5.4.jar:3.5.4]
	at org.springframework.boot.SpringApplication.refreshContext(SpringApplication.java:439) [spring-boot-3.5.4.jar:3.5.4]
	at org.springframework.boot.SpringApplication.run(SpringApplication.java:318) [spring-boot-3.5.4.jar:3.5.4]
	at org.springframework.boot.SpringApplication.run(SpringApplication.java:1361) [spring-boot-3.5.4.jar:3.5.4]
	at org.springframework.boot.SpringApplication.run(SpringApplication.java:1350) [spring-boot-3.5.4.jar:3.5.4]
	at com.example.Calculator.CalculatorApplication.main(CalculatorApplication.java:11) [classes/:?]
Caused by: org.springframework.util.PlaceholderResolutionException: Could not resolve placeholder 'app.message.success' in value "${app.message.success}"
	at org.springframework.util.PlaceholderResolutionException.withValue(PlaceholderResolutionException.java:81) ~[spring-core-6.2.9.jar:6.2.9]
	at org.springframework.util.PlaceholderParser$ParsedValue.resolve(PlaceholderParser.java:423) ~[spring-core-6.2.9.jar:6.2.9]
	at org.springframework.util.PlaceholderParser.replacePlaceholders(PlaceholderParser.java:128) ~[spring-core-6.2.9.jar:6.2.9]
	at org.springframework.util.PropertyPlaceholderHelper.parseStringValue(PropertyPlaceholderHelper.java:118) ~[spring-core-6.2.9.jar:6.2.9]
	at org.springframework.util.PropertyPlaceholderHelper.replacePlaceholders(PropertyPlaceholderHelper.java:114) ~[spring-core-6.2.9.jar:6.2.9]
	at org.springframework.core.env.AbstractPropertyResolver.doResolvePlaceholders(AbstractPropertyResolver.java:293) ~[spring-core-6.2.9.jar:6.2.9]
	at org.springframework.core.env.AbstractPropertyResolver.resolveRequiredPlaceholders(AbstractPropertyResolver.java:264) ~[spring-core-6.2.9.jar:6.2.9]
	at org.springframework.context.support.PropertySourcesPlaceholderConfigurer.lambda$processProperties$0(PropertySourcesPlaceholderConfigurer.java:186) ~[spring-context-6.2.9.jar:6.2.9]
	at org.springframework.beans.factory.support.AbstractBeanFactory.resolveEmbeddedValue(AbstractBeanFactory.java:971) ~[spring-beans-6.2.9.jar:6.2.9]
	at org.springframework.beans.factory.support.DefaultListableBeanFactory.doResolveDependency(DefaultListableBeanFactory.java:1650) ~[spring-beans-6.2.9.jar:6.2.9]
	at org.springframework.beans.factory.support.DefaultListableBeanFactory.resolveDependency(DefaultListableBeanFactory.java:1628) ~[spring-beans-6.2.9.jar:6.2.9]
	at org.springframework.beans.factory.annotation.AutowiredAnnotationBeanPostProcessor$AutowiredFieldElement.resolveFieldValue(AutowiredAnnotationBeanPostProcessor.java:785) ~[spring-beans-6.2.9.jar:6.2.9]
	at org.springframework.beans.factory.annotation.AutowiredAnnotationBeanPostProcessor$AutowiredFieldElement.inject(AutowiredAnnotationBeanPostProcessor.java:768) ~[spring-beans-6.2.9.jar:6.2.9]
	at org.springframework.beans.factory.annotation.InjectionMetadata.inject(InjectionMetadata.java:146) ~[spring-beans-6.2.9.jar:6.2.9]
	at org.springframework.beans.factory.annotation.AutowiredAnnotationBeanPostProcessor.postProcessProperties(AutowiredAnnotationBeanPostProcessor.java:509) ~[spring-beans-6.2.9.jar:6.2.9]
	... 18 more
2025-07-27 17:34:21 INFO  com.example.Calculator.CalculatorApplication - Starting CalculatorApplication using Java 22.0.1 with PID 28804 (C:\Users\Deepika\OneDrive\Desktop\Calculator\target\classes started by Deepika in C:\Users\Deepika\OneDrive\Desktop\Calculator)
2025-07-27 17:34:21 INFO  com.example.Calculator.CalculatorApplication - No active profile set, falling back to 1 default profile: "default"
2025-07-27 17:34:23 INFO  com.example.Calculator.CalculatorApplication - Started CalculatorApplication in 3.066 seconds (process running for 5.715)
2025-07-27 17:46:45 INFO  com.example.Calculator.CalculatorApplication - Starting CalculatorApplication using Java 22.0.1 with PID 23564 (C:\Users\Deepika\OneDrive\Desktop\Calculator\target\classes started by Deepika in C:\Users\Deepika\OneDrive\Desktop\Calculator)
2025-07-27 17:46:45 INFO  com.example.Calculator.CalculatorApplication - No active profile set, falling back to 1 default profile: "default"
2025-07-27 17:46:47 INFO  com.example.Calculator.CalculatorApplication - Started CalculatorApplication in 3.904 seconds (process running for 6.427)
2025-07-27 17:49:24 INFO  org.springframework.test.context.support.AnnotationConfigContextLoaderUtils - Could not detect default configuration classes for test class [com.example.Calculator.CalculatorApplicationTests]: CalculatorApplicationTests does not declare any static, non-private, non-final, nested classes annotated with @Configuration.
2025-07-27 17:49:24 INFO  org.springframework.boot.test.context.SpringBootTestContextBootstrapper - Found @SpringBootConfiguration com.example.Calculator.CalculatorApplication for test class com.example.Calculator.CalculatorApplicationTests
2025-07-27 17:49:25 INFO  com.example.Calculator.CalculatorApplicationTests - Starting CalculatorApplicationTests using Java 22.0.1 with PID 7412 (started by Deepika in C:\Users\Deepika\OneDrive\Desktop\Calculator)
2025-07-27 17:49:25 INFO  com.example.Calculator.CalculatorApplicationTests - No active profile set, falling back to 1 default profile: "default"
2025-07-27 17:49:26 INFO  com.example.Calculator.CalculatorApplicationTests - Started CalculatorApplicationTests in 1.927 seconds (process running for 5.395)
2025-07-27 17:50:13 INFO  com.example.Calculator.CalculatorApplication - Starting CalculatorApplication using Java 22.0.1 with PID 9188 (C:\Users\Deepika\OneDrive\Desktop\Calculator\target\classes started by Deepika in C:\Users\Deepika\OneDrive\Desktop\Calculator)
2025-07-27 17:50:13 INFO  com.example.Calculator.CalculatorApplication - No active profile set, falling back to 1 default profile: "default"
2025-07-27 17:50:15 INFO  com.example.Calculator.CalculatorApplication - Started CalculatorApplication in 2.65 seconds (process running for 4.53)
2025-07-27 17:56:55 INFO  com.example.Calculator.CalculatorApplication - Starting CalculatorApplication using Java 22.0.1 with PID 25892 (C:\Users\Deepika\OneDrive\Desktop\Calculator\target\classes started by Deepika in C:\Users\Deepika\OneDrive\Desktop\Calculator)
2025-07-27 17:56:55 INFO  com.example.Calculator.CalculatorApplication - No active profile set, falling back to 1 default profile: "default"
2025-07-27 17:56:57 INFO  com.example.Calculator.CalculatorApplication - Started CalculatorApplication in 3.585 seconds (process running for 5.607)
2025-07-27 18:02:11 INFO  com.example.Calculator.CalculatorApplication - Starting CalculatorApplication using Java 22.0.1 with PID 25932 (C:\Users\Deepika\OneDrive\Desktop\Calculator\target\classes started by Deepika in C:\Users\Deepika\OneDrive\Desktop\Calculator)
2025-07-27 18:02:11 INFO  com.example.Calculator.CalculatorApplication - No active profile set, falling back to 1 default profile: "default"
2025-07-27 18:02:13 INFO  org.springframework.boot.web.embedded.tomcat.TomcatWebServer - Tomcat initialized with port 8080 (http)
2025-07-27 18:02:14 INFO  org.apache.coyote.http11.Http11NioProtocol - Initializing ProtocolHandler ["http-nio-8080"]
2025-07-27 18:02:14 INFO  org.apache.catalina.core.StandardService - Starting service [Tomcat]
2025-07-27 18:02:14 INFO  org.apache.catalina.core.StandardEngine - Starting Servlet engine: [Apache Tomcat/10.1.43]
2025-07-27 18:02:14 INFO  org.apache.catalina.core.ContainerBase.[Tomcat].[localhost].[/] - Initializing Spring embedded WebApplicationContext
2025-07-27 18:02:14 INFO  org.springframework.boot.web.servlet.context.ServletWebServerApplicationContext - Root WebApplicationContext: initialization completed in 2028 ms
2025-07-27 18:02:14 INFO  org.springframework.validation.beanvalidation.OptionalValidatorFactoryBean - Failed to set up a Bean Validation provider: jakarta.validation.NoProviderFoundException: Unable to create a Configuration, because no Jakarta Bean Validation provider could be found. Add a provider like Hibernate Validator (RI) to your classpath.
2025-07-27 18:02:14 INFO  org.apache.coyote.http11.Http11NioProtocol - Starting ProtocolHandler ["http-nio-8080"]
2025-07-27 18:02:14 INFO  org.springframework.boot.web.embedded.tomcat.TomcatWebServer - Tomcat started on port 8080 (http) with context path '/'
2025-07-27 18:02:14 INFO  com.example.Calculator.CalculatorApplication - Started CalculatorApplication in 4.045 seconds (process running for 5.983)
2025-07-27 18:03:11 INFO  org.apache.catalina.core.ContainerBase.[Tomcat].[localhost].[/] - Initializing Spring DispatcherServlet 'dispatcherServlet'
2025-07-27 18:03:11 INFO  org.springframework.web.servlet.DispatcherServlet - Initializing Servlet 'dispatcherServlet'
2025-07-27 18:03:11 INFO  org.springframework.web.servlet.DispatcherServlet - Completed initialization in 2 ms
2025-07-27 18:03:11 INFO  com.example.Calculator.controller.CalculatorController - Request: CalcRequest{a=10.0, b=5.0}
2025-07-27 18:03:11 INFO  com.example.Calculator.controller.CalculatorController - Response: CalcResponse{operation='Addition', result=15.0, message='Operation successful'}
2025-07-27 18:03:51 INFO  com.example.Calculator.controller.CalculatorController - Request: CalcRequest{a=10.0, b=5.0}
2025-07-27 18:03:51 INFO  com.example.Calculator.controller.CalculatorController - Response: CalcResponse{operation='Subtraction', result=5.0, message='Operation successful'}
2025-07-27 18:04:02 INFO  com.example.Calculator.controller.CalculatorController - Request: CalcRequest{a=10.0, b=5.0}
2025-07-27 18:04:02 INFO  com.example.Calculator.controller.CalculatorController - Response: CalcResponse{operation='Division', result=2.0, message='Operation successful'}
2025-07-27 18:04:10 INFO  com.example.Calculator.controller.CalculatorController - Request: CalcRequest{a=10.0, b=5.0}
2025-07-27 18:04:10 INFO  com.example.Calculator.controller.CalculatorController - Response: CalcResponse{operation='Multiplication', result=50.0, message='Operation successful'}
2025-07-27 18:43:03 WARN  org.springframework.web.servlet.mvc.support.DefaultHandlerExceptionResolver - Resolved [org.springframework.web.HttpRequestMethodNotSupportedException: Request method 'GET' is not supported]
